0 info it worked if it ends with ok
1 verbose cli [ '/opt/local/bin/node', '/opt/local/bin/npm', 'adduser' ]
2 info using npm@2.1.6
3 info using node@v0.10.33
4 verbose adduser before first PUT { name: 'homerquan',
4 verbose adduser   password: 'XXXXX',
4 verbose adduser   email: 'contact@homerquan.com',
4 verbose adduser   _id: 'org.couchdb.user:homerquan',
4 verbose adduser   type: 'user',
4 verbose adduser   roles: [],
4 verbose adduser   date: '2014-11-25T02:19:01.731Z' }
5 verbose request on initialization, where is /-/user/org.couchdb.user:homerquan
6 verbose request after pass 1, where is /-/user/org.couchdb.user:homerquan
7 verbose request url raw /-/user/org.couchdb.user:homerquan
8 verbose request resolving registry [ 'https://registry.npmjs.org/',
8 verbose request   './-/user/org.couchdb.user:homerquan' ]
9 verbose request after pass 2, where is https://registry.npmjs.org/-/user/org.couchdb.user:homerquan
10 verbose request new user, so can't send auth
11 info attempt registry request try #1 at 21:19:01
12 verbose request id d168943186fe4308
13 http request PUT https://registry.npmjs.org/-/user/org.couchdb.user:homerquan
14 http 409 https://registry.npmjs.org/-/user/org.couchdb.user:homerquan
15 verbose headers { date: 'Tue, 25 Nov 2014 02:19:02 GMT',
15 verbose headers   server: 'CouchDB/1.5.0 (Erlang OTP/R16B03)',
15 verbose headers   'content-type': 'application/json',
15 verbose headers   'cache-control': 'max-age=60',
15 verbose headers   'content-length': '58',
15 verbose headers   'accept-ranges': 'bytes',
15 verbose headers   via: '1.1 varnish',
15 verbose headers   'x-served-by': 'cache-dfw1828-DFW',
15 verbose headers   'x-cache': 'MISS',
15 verbose headers   'x-cache-hits': '0',
15 verbose headers   'x-timer': 'S1416881942.168660,VS0,VE57',
15 verbose headers   'keep-alive': 'timeout=10, max=50',
15 verbose headers   connection: 'Keep-Alive' }
16 verbose adduser update existing user
17 verbose request on initialization, where is /-/user/org.couchdb.user:homerquan
18 verbose request after pass 1, where is /-/user/org.couchdb.user:homerquan?write=true
19 verbose request url raw /-/user/org.couchdb.user:homerquan?write=true
20 verbose request resolving registry [ 'https://registry.npmjs.org/',
20 verbose request   './-/user/org.couchdb.user:homerquan?write=true' ]
21 verbose request after pass 2, where is https://registry.npmjs.org/-/user/org.couchdb.user:homerquan?write=true
22 verbose request new user, so can't send auth
23 info attempt registry request try #1 at 21:19:02
24 http request GET https://registry.npmjs.org/-/user/org.couchdb.user:homerquan?write=true
25 http 200 https://registry.npmjs.org/-/user/org.couchdb.user:homerquan?write=true
26 verbose adduser userobj { name: 'homerquan',
26 verbose adduser   password: 'XXXXX',
26 verbose adduser   email: 'contact@homerquan.com',
26 verbose adduser   _id: 'org.couchdb.user:homerquan',
26 verbose adduser   type: 'user',
26 verbose adduser   roles: [],
26 verbose adduser   date: '2014-11-25T02:19:01.731Z' }
27 verbose request on initialization, where is /-/user/org.couchdb.user:homerquan/-rev/7-f373118ccf0b1024b2ee3cf4fa03d723
28 verbose request after pass 1, where is /-/user/org.couchdb.user:homerquan/-rev/7-f373118ccf0b1024b2ee3cf4fa03d723
29 verbose request url raw /-/user/org.couchdb.user:homerquan/-rev/7-f373118ccf0b1024b2ee3cf4fa03d723
30 verbose request resolving registry [ 'https://registry.npmjs.org/',
30 verbose request   './-/user/org.couchdb.user:homerquan/-rev/7-f373118ccf0b1024b2ee3cf4fa03d723' ]
31 verbose request after pass 2, where is https://registry.npmjs.org/-/user/org.couchdb.user:homerquan/-rev/7-f373118ccf0b1024b2ee3cf4fa03d723
32 verbose request sending authorization for write operation
33 info attempt registry request try #1 at 21:19:02
34 http request PUT https://registry.npmjs.org/-/user/org.couchdb.user:homerquan/-rev/7-f373118ccf0b1024b2ee3cf4fa03d723
35 http 403 https://registry.npmjs.org/-/user/org.couchdb.user:homerquan/-rev/7-f373118ccf0b1024b2ee3cf4fa03d723
36 verbose headers { date: 'Tue, 25 Nov 2014 02:19:03 GMT',
36 verbose headers   server: 'CouchDB/1.5.0 (Erlang OTP/R16B03)',
36 verbose headers   'content-type': 'application/json',
36 verbose headers   'cache-control': 'max-age=60',
36 verbose headers   'content-length': '124',
36 verbose headers   'accept-ranges': 'bytes',
36 verbose headers   via: '1.1 varnish',
36 verbose headers   'x-served-by': 'cache-dfw1833-DFW',
36 verbose headers   'x-cache': 'MISS',
36 verbose headers   'x-cache-hits': '0',
36 verbose headers   'x-timer': 'S1416881943.005181,VS0,VE233',
36 verbose headers   'keep-alive': 'timeout=10, max=50',
36 verbose headers   connection: 'Keep-Alive' }
37 verbose stack Error: No credentials to set.
37 verbose stack     at Conf.setCredentialsByURI (/opt/local/lib/node_modules/npm/lib/config/set-credentials-by-uri.js:40:11)
37 verbose stack     at RegClient.<anonymous> (/opt/local/lib/node_modules/npm/node_modules/npm-registry-client/lib/adduser.js:112:17)
37 verbose stack     at f (/opt/local/lib/node_modules/npm/node_modules/once/once.js:17:25)
37 verbose stack     at /opt/local/lib/node_modules/npm/node_modules/npm-registry-client/lib/request.js:125:10
37 verbose stack     at f (/opt/local/lib/node_modules/npm/node_modules/once/once.js:17:25)
37 verbose stack     at RegClient.<anonymous> (/opt/local/lib/node_modules/npm/node_modules/npm-registry-client/lib/request.js:276:12)
37 verbose stack     at Request._callback (/opt/local/lib/node_modules/npm/node_modules/npm-registry-client/lib/request.js:197:65)
37 verbose stack     at Request.self.callback (/opt/local/lib/node_modules/npm/node_modules/request/request.js:364:22)
37 verbose stack     at Request.emit (events.js:98:17)
37 verbose stack     at Request.<anonymous> (/opt/local/lib/node_modules/npm/node_modules/request/request.js:1318:14)
38 verbose cwd /Users/homer/Sandbox/mongoose-html
39 error Darwin 14.0.0
40 error argv "/opt/local/bin/node" "/opt/local/bin/npm" "adduser"
41 error node v0.10.33
42 error npm  v2.1.6
43 error No credentials to set.
44 error If you need help, you may report this error at:
44 error     <http://github.com/npm/npm/issues>
45 verbose exit [ 1, true ]
